2026-01-05 11:00:11,788 - INFO - Migrated scores table: added age column
2026-01-05 11:00:11,810 - INFO - Question bank schema ensured
2026-01-05 11:00:41,227 - INFO - Question bank schema ensured
2026-01-05 11:02:21,710 - INFO - Migrated scores table: added age column
2026-01-05 11:02:21,731 - INFO - Question bank schema ensured
2026-01-05 11:29:58,067 [INFO] User started exam: Aleena, age_group=adult
2026-01-05 11:33:40,603 - INFO - Application started
2026-01-05 11:33:40,611 - INFO - Loaded 100 questions from DB
2026-01-05 11:33:48,984 - INFO - Session started | user=Aleena | age=21 | age_group=adult
2026-01-05 11:35:38,850 - INFO - Application started
2026-01-05 11:35:38,853 - INFO - Loaded 10 questions from DB
2026-01-05 11:36:03,413 - INFO - Session started | user=Aleena asd | age=11 | age_group=child
2026-01-05 14:04:58,063 - INFO - Application started
2026-01-05 14:04:58,073 - INFO - Loaded 10 questions from DB
2026-01-05 14:21:56,888 - INFO - Application started
2026-01-05 14:21:56,890 - INFO - Loaded 10 questions from DB
2026-01-05 14:22:04,848 - INFO - Session started | user=asdasd | age=12 | age_group=child
2026-01-06 21:11:01,454 - INFO - Application started
2026-01-06 21:11:01,457 - INFO - Loaded 10 questions from DB
2026-01-06 21:11:20,873 - INFO - Session started | user=Anushka | age=8 | age_group=child
2026-01-06 22:01:52,790 - INFO - Application started
2026-01-06 22:01:52,815 - INFO - Loaded 10 questions from DB
2026-01-06 22:11:01,038 - INFO - Application started
2026-01-06 22:11:01,048 - INFO - Loaded 10 questions from DB
2026-01-06 22:11:25,414 - INFO - Session started | user=Anushka | age=18 | education=Undergraduate | age_group=adult
2026-01-06 22:11:37,806 - INFO - Application started
2026-01-06 22:11:37,808 - INFO - Loaded 10 questions from DB
2026-01-06 22:11:54,301 - INFO - Application started
2026-01-06 22:11:54,303 - INFO - Loaded 10 questions from DB
2026-01-06 22:17:24,871 - INFO - Application started
2026-01-06 22:17:24,889 - INFO - Loaded 10 questions from DB
2026-01-06 22:18:05,783 - INFO - Application started
2026-01-06 22:18:05,785 - INFO - Loaded 10 questions from DB
2026-01-06 22:18:29,010 - INFO - Application started
2026-01-06 22:18:29,012 - INFO - Loaded 10 questions from DB
2026-01-06 22:18:41,262 - INFO - Session started | user=Anushka | age=19 | education=Undergraduate | age_group=adult
2026-01-06 22:18:51,054 - INFO - Application started
2026-01-06 22:18:51,056 - INFO - Loaded 10 questions from DB
2026-01-06 22:58:03,368 - INFO - Application started
2026-01-06 22:58:38,346 - INFO - Session started | user=hi | age=19 | education=Undergraduate | age_group=adult
2026-01-06 22:59:54,203 - INFO - Application started
2026-01-06 23:00:03,582 - INFO - Application started
2026-01-06 23:00:18,783 - INFO - Application started
2026-01-07 01:01:33,460 - INFO - Application started
2026-01-07 01:01:33,468 - INFO - Migrating scores table: adding detailed_age_group column
2026-01-07 01:01:33,472 - INFO - Migrating responses table: adding detailed_age_group column
2026-01-07 01:02:04,174 - INFO - Session started | user=Anu | age=18 | education=Undergraduate | age_group=adult
2026-01-07 01:06:38,223 - INFO - Application started
2026-01-07 01:07:28,100 - INFO - Application started
2026-01-07 01:07:39,563 - INFO - Session started | user=Anushka | age=18 | education=Postgraduate | age_group=adult
2026-01-07 01:07:43,565 - INFO - User returned to home screen during test
2026-01-07 01:07:53,051 - INFO - Session started | user=Anu | age=18 | education=Postgraduate | age_group=adult
2026-01-07 08:40:03,604 - INFO - Application started
2026-01-07 08:40:43,219 - INFO - Session started | user=GOPI | age=21 | education=Undergraduate | age_group=adult
2026-01-07 08:46:33,737 - INFO - Application started
2026-01-07 08:46:33,739 - INFO - Migrating scores table: adding user_id column
2026-01-07 08:46:33,746 - INFO - Migrating responses table: adding user_id column
2026-01-07 08:47:02,579 - INFO - User logged in: DGC
2026-01-07 08:47:23,625 - INFO - Session started | user=DGC | age=21 | education=Undergraduate | age_group=adult
2026-01-07 21:33:41,767 - INFO - Application started
2026-01-07 21:34:47,542 - INFO - User logged in: madhuri
2026-01-07 21:35:01,484 - INFO - Session started | user=madhur | age=19 | education=Undergraduate | age_group=adult
2026-01-09 18:44:07,063 - root - INFO - Logging initialized.
2026-01-09 18:44:07,063 - root - INFO - Application started
2026-01-09 18:44:07,066 - root - INFO - Loaded 10 total questions from DB
2026-01-09 18:44:09,340 - root - INFO - ML Predictor initialized successfully
2026-01-09 18:44:09,350 - root - INFO - Using 10 questions based on settings
2026-01-09 18:45:01,898 - root - ERROR - Failed to save journal entry
Traceback (most recent call last):
  File "C:\Users\Rohan Rathod\AppData\Roaming\Python\Python314\site-packages\sqlalchemy\engine\base.py", line 1967, in _exec_single_context
    self.dialect.do_execute(
    ~~~~~~~~~~~~~~~~~~~~~~~^
        cursor, str_statement, effective_parameters, context
        ^^^^^^^^^^^^^^^^^^^^^^^^^^^^^^^^^^^^^^^^^^^^^^^^^^^^
    )
    ^
  File "C:\Users\Rohan Rathod\AppData\Roaming\Python\Python314\site-packages\sqlalchemy\engine\default.py", line 952, in do_execute
    cursor.execute(statement, parameters)
    ~~~~~~~~~~~~~~^^^^^^^^^^^^^^^^^^^^^^^
sqlite3.OperationalError: table journal_entries has no column named user_id

The above exception was the direct cause of the following exception:

Traceback (most recent call last):
  File "B:\Open_Source\soul_sence_Exam\SOUL_SENSE_EXAM\journal_feature.py", line 134, in save_and_analyze
    session.commit()
    ~~~~~~~~~~~~~~^^
  File "C:\Users\Rohan Rathod\AppData\Roaming\Python\Python314\site-packages\sqlalchemy\orm\session.py", line 2030, in commit
    trans.commit(_to_root=True)
    ~~~~~~~~~~~~^^^^^^^^^^^^^^^
  File "<string>", line 2, in commit
  File "C:\Users\Rohan Rathod\AppData\Roaming\Python\Python314\site-packages\sqlalchemy\orm\state_changes.py", line 137, in _go
    ret_value = fn(self, *arg, **kw)
  File "C:\Users\Rohan Rathod\AppData\Roaming\Python\Python314\site-packages\sqlalchemy\orm\session.py", line 1311, in commit
    self._prepare_impl()
    ~~~~~~~~~~~~~~~~~~^^
  File "<string>", line 2, in _prepare_impl
  File "C:\Users\Rohan Rathod\AppData\Roaming\Python\Python314\site-packages\sqlalchemy\orm\state_changes.py", line 137, in _go
    ret_value = fn(self, *arg, **kw)
  File "C:\Users\Rohan Rathod\AppData\Roaming\Python\Python314\site-packages\sqlalchemy\orm\session.py", line 1286, in _prepare_impl
    self.session.flush()
    ~~~~~~~~~~~~~~~~~~^^
  File "C:\Users\Rohan Rathod\AppData\Roaming\Python\Python314\site-packages\sqlalchemy\orm\session.py", line 4331, in flush
    self._flush(objects)
    ~~~~~~~~~~~^^^^^^^^^
  File "C:\Users\Rohan Rathod\AppData\Roaming\Python\Python314\site-packages\sqlalchemy\orm\session.py", line 4466, in _flush
    with util.safe_reraise():
         ~~~~~~~~~~~~~~~~~^^
  File "C:\Users\Rohan Rathod\AppData\Roaming\Python\Python314\site-packages\sqlalchemy\util\langhelpers.py", line 224, in __exit__
    raise exc_value.with_traceback(exc_tb)
  File "C:\Users\Rohan Rathod\AppData\Roaming\Python\Python314\site-packages\sqlalchemy\orm\session.py", line 4427, in _flush
    flush_context.execute()
    ~~~~~~~~~~~~~~~~~~~~~^^
  File "C:\Users\Rohan Rathod\AppData\Roaming\Python\Python314\site-packages\sqlalchemy\orm\unitofwork.py", line 466, in execute
    rec.execute(self)
    ~~~~~~~~~~~^^^^^^
  File "C:\Users\Rohan Rathod\AppData\Roaming\Python\Python314\site-packages\sqlalchemy\orm\unitofwork.py", line 642, in execute
    util.preloaded.orm_persistence.save_obj(
    ~~~~~~~~~~~~~~~~~~~~~~~~~~~~~~~~~~~~~~~^
        self.mapper,
        ^^^^^^^^^^^^
        uow.states_for_mapper_hierarchy(self.mapper, False, False),
        ^^^^^^^^^^^^^^^^^^^^^^^^^^^^^^^^^^^^^^^^^^^^^^^^^^^^^^^^^^^
        uow,
        ^^^^
    )
    ^
  File "C:\Users\Rohan Rathod\AppData\Roaming\Python\Python314\site-packages\sqlalchemy\orm\persistence.py", line 93, in save_obj
    _emit_insert_statements(
    ~~~~~~~~~~~~~~~~~~~~~~~^
        base_mapper,
        ^^^^^^^^^^^^
    ...<3 lines>...
        insert,
        ^^^^^^^
    )
    ^
  File "C:\Users\Rohan Rathod\AppData\Roaming\Python\Python314\site-packages\sqlalchemy\orm\persistence.py", line 1233, in _emit_insert_statements
    result = connection.execute(
        statement,
        params,
        execution_options=execution_options,
    )
  File "C:\Users\Rohan Rathod\AppData\Roaming\Python\Python314\site-packages\sqlalchemy\engine\base.py", line 1419, in execute
    return meth(
        self,
        distilled_parameters,
        execution_options or NO_OPTIONS,
    )
  File "C:\Users\Rohan Rathod\AppData\Roaming\Python\Python314\site-packages\sqlalchemy\sql\elements.py", line 527, in _execute_on_connection
    return connection._execute_clauseelement(
           ~~~~~~~~~~~~~~~~~~~~~~~~~~~~~~~~~^
        self, distilled_params, execution_options
        ^^^^^^^^^^^^^^^^^^^^^^^^^^^^^^^^^^^^^^^^^
    )
    ^
  File "C:\Users\Rohan Rathod\AppData\Roaming\Python\Python314\site-packages\sqlalchemy\engine\base.py", line 1641, in _execute_clauseelement
    ret = self._execute_context(
        dialect,
    ...<8 lines>...
        cache_hit=cache_hit,
    )
  File "C:\Users\Rohan Rathod\AppData\Roaming\Python\Python314\site-packages\sqlalchemy\engine\base.py", line 1846, in _execute_context
    return self._exec_single_context(
           ~~~~~~~~~~~~~~~~~~~~~~~~~^
        dialect, context, statement, parameters
        ^^^^^^^^^^^^^^^^^^^^^^^^^^^^^^^^^^^^^^^
    )
    ^
  File "C:\Users\Rohan Rathod\AppData\Roaming\Python\Python314\site-packages\sqlalchemy\engine\base.py", line 1986, in _exec_single_context
    self._handle_dbapi_exception(
    ~~~~~~~~~~~~~~~~~~~~~~~~~~~~^
        e, str_statement, effective_parameters, cursor, context
        ^^^^^^^^^^^^^^^^^^^^^^^^^^^^^^^^^^^^^^^^^^^^^^^^^^^^^^^
    )
    ^
  File "C:\Users\Rohan Rathod\AppData\Roaming\Python\Python314\site-packages\sqlalchemy\engine\base.py", line 2363, in _handle_dbapi_exception
    raise sqlalchemy_exception.with_traceback(exc_info[2]) from e
  File "C:\Users\Rohan Rathod\AppData\Roaming\Python\Python314\site-packages\sqlalchemy\engine\base.py", line 1967, in _exec_single_context
    self.dialect.do_execute(
    ~~~~~~~~~~~~~~~~~~~~~~~^
        cursor, str_statement, effective_parameters, context
        ^^^^^^^^^^^^^^^^^^^^^^^^^^^^^^^^^^^^^^^^^^^^^^^^^^^^
    )
    ^
  File "C:\Users\Rohan Rathod\AppData\Roaming\Python\Python314\site-packages\sqlalchemy\engine\default.py", line 952, in do_execute
    cursor.execute(statement, parameters)
    ~~~~~~~~~~~~~~^^^^^^^^^^^^^^^^^^^^^^^
sqlalchemy.exc.OperationalError: (sqlite3.OperationalError) table journal_entries has no column named user_id
[SQL: INSERT INTO journal_entries (username, entry_date, content, sentiment_score, emotional_patterns, user_id) VALUES (?, ?, ?, ?, ?, ?)]
[parameters: ('rohan', '2026-01-09 18:45:01', 'i am not feeling good', 0.0, 'Self-reflective content', None)]
(Background on this error at: https://sqlalche.me/e/20/e3q8)
2026-01-09 18:46:22,797 - root - INFO - Session started | user=rohan | age=20 | age_group=adult | profession=Professional | questions=10
2026-01-09 18:47:49,252 - root - ERROR - Failed to save journal entry
Traceback (most recent call last):
  File "C:\Users\Rohan Rathod\AppData\Roaming\Python\Python314\site-packages\sqlalchemy\engine\base.py", line 1967, in _exec_single_context
    self.dialect.do_execute(
    ~~~~~~~~~~~~~~~~~~~~~~~^
        cursor, str_statement, effective_parameters, context
        ^^^^^^^^^^^^^^^^^^^^^^^^^^^^^^^^^^^^^^^^^^^^^^^^^^^^
    )
    ^
  File "C:\Users\Rohan Rathod\AppData\Roaming\Python\Python314\site-packages\sqlalchemy\engine\default.py", line 952, in do_execute
    cursor.execute(statement, parameters)
    ~~~~~~~~~~~~~~^^^^^^^^^^^^^^^^^^^^^^^
sqlite3.OperationalError: table journal_entries has no column named user_id

The above exception was the direct cause of the following exception:

Traceback (most recent call last):
  File "B:\Open_Source\soul_sence_Exam\SOUL_SENSE_EXAM\journal_feature.py", line 134, in save_and_analyze
    session.commit()
    ~~~~~~~~~~~~~~^^
  File "C:\Users\Rohan Rathod\AppData\Roaming\Python\Python314\site-packages\sqlalchemy\orm\session.py", line 2030, in commit
    trans.commit(_to_root=True)
    ~~~~~~~~~~~~^^^^^^^^^^^^^^^
  File "<string>", line 2, in commit
  File "C:\Users\Rohan Rathod\AppData\Roaming\Python\Python314\site-packages\sqlalchemy\orm\state_changes.py", line 137, in _go
    ret_value = fn(self, *arg, **kw)
  File "C:\Users\Rohan Rathod\AppData\Roaming\Python\Python314\site-packages\sqlalchemy\orm\session.py", line 1311, in commit
    self._prepare_impl()
    ~~~~~~~~~~~~~~~~~~^^
  File "<string>", line 2, in _prepare_impl
  File "C:\Users\Rohan Rathod\AppData\Roaming\Python\Python314\site-packages\sqlalchemy\orm\state_changes.py", line 137, in _go
    ret_value = fn(self, *arg, **kw)
  File "C:\Users\Rohan Rathod\AppData\Roaming\Python\Python314\site-packages\sqlalchemy\orm\session.py", line 1286, in _prepare_impl
    self.session.flush()
    ~~~~~~~~~~~~~~~~~~^^
  File "C:\Users\Rohan Rathod\AppData\Roaming\Python\Python314\site-packages\sqlalchemy\orm\session.py", line 4331, in flush
    self._flush(objects)
    ~~~~~~~~~~~^^^^^^^^^
  File "C:\Users\Rohan Rathod\AppData\Roaming\Python\Python314\site-packages\sqlalchemy\orm\session.py", line 4466, in _flush
    with util.safe_reraise():
         ~~~~~~~~~~~~~~~~~^^
  File "C:\Users\Rohan Rathod\AppData\Roaming\Python\Python314\site-packages\sqlalchemy\util\langhelpers.py", line 224, in __exit__
    raise exc_value.with_traceback(exc_tb)
  File "C:\Users\Rohan Rathod\AppData\Roaming\Python\Python314\site-packages\sqlalchemy\orm\session.py", line 4427, in _flush
    flush_context.execute()
    ~~~~~~~~~~~~~~~~~~~~~^^
  File "C:\Users\Rohan Rathod\AppData\Roaming\Python\Python314\site-packages\sqlalchemy\orm\unitofwork.py", line 466, in execute
    rec.execute(self)
    ~~~~~~~~~~~^^^^^^
  File "C:\Users\Rohan Rathod\AppData\Roaming\Python\Python314\site-packages\sqlalchemy\orm\unitofwork.py", line 642, in execute
    util.preloaded.orm_persistence.save_obj(
    ~~~~~~~~~~~~~~~~~~~~~~~~~~~~~~~~~~~~~~~^
        self.mapper,
        ^^^^^^^^^^^^
        uow.states_for_mapper_hierarchy(self.mapper, False, False),
        ^^^^^^^^^^^^^^^^^^^^^^^^^^^^^^^^^^^^^^^^^^^^^^^^^^^^^^^^^^^
        uow,
        ^^^^
    )
    ^
  File "C:\Users\Rohan Rathod\AppData\Roaming\Python\Python314\site-packages\sqlalchemy\orm\persistence.py", line 93, in save_obj
    _emit_insert_statements(
    ~~~~~~~~~~~~~~~~~~~~~~~^
        base_mapper,
        ^^^^^^^^^^^^
    ...<3 lines>...
        insert,
        ^^^^^^^
    )
    ^
  File "C:\Users\Rohan Rathod\AppData\Roaming\Python\Python314\site-packages\sqlalchemy\orm\persistence.py", line 1233, in _emit_insert_statements
    result = connection.execute(
        statement,
        params,
        execution_options=execution_options,
    )
  File "C:\Users\Rohan Rathod\AppData\Roaming\Python\Python314\site-packages\sqlalchemy\engine\base.py", line 1419, in execute
    return meth(
        self,
        distilled_parameters,
        execution_options or NO_OPTIONS,
    )
  File "C:\Users\Rohan Rathod\AppData\Roaming\Python\Python314\site-packages\sqlalchemy\sql\elements.py", line 527, in _execute_on_connection
    return connection._execute_clauseelement(
           ~~~~~~~~~~~~~~~~~~~~~~~~~~~~~~~~~^
        self, distilled_params, execution_options
        ^^^^^^^^^^^^^^^^^^^^^^^^^^^^^^^^^^^^^^^^^
    )
    ^
  File "C:\Users\Rohan Rathod\AppData\Roaming\Python\Python314\site-packages\sqlalchemy\engine\base.py", line 1641, in _execute_clauseelement
    ret = self._execute_context(
        dialect,
    ...<8 lines>...
        cache_hit=cache_hit,
    )
  File "C:\Users\Rohan Rathod\AppData\Roaming\Python\Python314\site-packages\sqlalchemy\engine\base.py", line 1846, in _execute_context
    return self._exec_single_context(
           ~~~~~~~~~~~~~~~~~~~~~~~~~^
        dialect, context, statement, parameters
        ^^^^^^^^^^^^^^^^^^^^^^^^^^^^^^^^^^^^^^^
    )
    ^
  File "C:\Users\Rohan Rathod\AppData\Roaming\Python\Python314\site-packages\sqlalchemy\engine\base.py", line 1986, in _exec_single_context
    self._handle_dbapi_exception(
    ~~~~~~~~~~~~~~~~~~~~~~~~~~~~^
        e, str_statement, effective_parameters, cursor, context
        ^^^^^^^^^^^^^^^^^^^^^^^^^^^^^^^^^^^^^^^^^^^^^^^^^^^^^^^
    )
    ^
  File "C:\Users\Rohan Rathod\AppData\Roaming\Python\Python314\site-packages\sqlalchemy\engine\base.py", line 2363, in _handle_dbapi_exception
    raise sqlalchemy_exception.with_traceback(exc_info[2]) from e
  File "C:\Users\Rohan Rathod\AppData\Roaming\Python\Python314\site-packages\sqlalchemy\engine\base.py", line 1967, in _exec_single_context
    self.dialect.do_execute(
    ~~~~~~~~~~~~~~~~~~~~~~~^
        cursor, str_statement, effective_parameters, context
        ^^^^^^^^^^^^^^^^^^^^^^^^^^^^^^^^^^^^^^^^^^^^^^^^^^^^
    )
    ^
  File "C:\Users\Rohan Rathod\AppData\Roaming\Python\Python314\site-packages\sqlalchemy\engine\default.py", line 952, in do_execute
    cursor.execute(statement, parameters)
    ~~~~~~~~~~~~~~^^^^^^^^^^^^^^^^^^^^^^^
sqlalchemy.exc.OperationalError: (sqlite3.OperationalError) table journal_entries has no column named user_id
[SQL: INSERT INTO journal_entries (username, entry_date, content, sentiment_score, emotional_patterns, user_id) VALUES (?, ?, ?, ?, ?, ?)]
[parameters: ('rohan', '2026-01-09 18:47:49', 'i am not feeling good', 0.0, 'Self-reflective content', None)]
(Background on this error at: https://sqlalche.me/e/20/e3q8)
2026-01-09 18:48:29,302 - root - INFO - Session started | user=rohan | age=20 | age_group=adult | profession=Student | questions=10
2026-01-09 18:48:55,810 - root - CRITICAL - Unhandled exception in GUI
Traceback (most recent call last):
  File "C:\Python314\Lib\tkinter\__init__.py", line 2088, in __call__
    return self.func(*args)
           ~~~~~~~~~^^^^^^^
  File "B:\Open_Source\soul_sence_Exam\SOUL_SENSE_EXAM\app\main.py", line 768, in _enter_start
    self.start_test()
    ~~~~~~~~~~~~~~~^^
  File "B:\Open_Source\soul_sence_Exam\SOUL_SENSE_EXAM\app\main.py", line 771, in start_test
    self.username = self.name_entry.get().strip()
                    ~~~~~~~~~~~~~~~~~~~^^
  File "C:\Python314\Lib\tkinter\__init__.py", line 3276, in get
    return self.tk.call(self._w, 'get')
           ~~~~~~~~~~~~^^^^^^^^^^^^^^^^
_tkinter.TclError: invalid command name ".!entry5"
2026-01-09 18:48:55,834 - root - ERROR - Interface Error: A graphical interface error occurred.
2026-01-09 18:48:58,762 - root - CRITICAL - Unhandled exception in GUI
Traceback (most recent call last):
  File "C:\Python314\Lib\tkinter\__init__.py", line 2088, in __call__
    return self.func(*args)
           ~~~~~~~~~^^^^^^^
  File "B:\Open_Source\soul_sence_Exam\SOUL_SENSE_EXAM\app\main.py", line 768, in _enter_start
    self.start_test()
    ~~~~~~~~~~~~~~~^^
  File "B:\Open_Source\soul_sence_Exam\SOUL_SENSE_EXAM\app\main.py", line 771, in start_test
    self.username = self.name_entry.get().strip()
                    ~~~~~~~~~~~~~~~~~~~^^
  File "C:\Python314\Lib\tkinter\__init__.py", line 3276, in get
    return self.tk.call(self._w, 'get')
           ~~~~~~~~~~~~^^^^^^^^^^^^^^^^
_tkinter.TclError: invalid command name ".!entry5"
2026-01-09 18:48:58,764 - root - ERROR - Interface Error: A graphical interface error occurred.
2026-01-09 18:58:39,718 - root - INFO - Logging initialized.
2026-01-09 18:58:39,740 - root - INFO - Application started
2026-01-09 18:58:39,742 - root - INFO - Loaded 10 total questions from DB
2026-01-09 18:58:42,073 - root - INFO - ML Predictor initialized successfully
2026-01-09 18:58:42,083 - root - INFO - Using 10 questions based on settings
2026-01-09 19:14:30,029 - root - INFO - Logging initialized.
2026-01-09 19:14:30,051 - root - INFO - Application started
2026-01-09 19:14:30,059 - root - INFO - Loaded 10 total questions from DB
2026-01-09 19:14:32,373 - root - INFO - ML Predictor initialized successfully
2026-01-09 19:14:32,385 - root - INFO - Using 10 questions based on settings
2026-01-09 19:16:05,973 - root - INFO - Session started | user=rohan | age=20 | age_group=adult | profession=Professional | questions=10
2026-01-09 19:16:07,892 - root - CRITICAL - Unhandled exception in GUI
Traceback (most recent call last):
  File "C:\Python314\Lib\tkinter\__init__.py", line 2088, in __call__
    return self.func(*args)
           ~~~~~~~~~^^^^^^^
  File "B:\Open_Source\soul_sence_Exam\SOUL_SENSE_EXAM\app\main.py", line 838, in <lambda>
    self.root.bind("<Return>", lambda e: self.save_answer())
                                         ~~~~~~~~~~~~~~~~^^
TypeError: SoulSenseApp.save_answer() missing 1 required positional argument: 'value'
2026-01-09 19:16:08,030 - root - ERROR - Unexpected Error: An unexpected error occurred.
2026-01-09 19:16:10,363 - root - CRITICAL - Unhandled exception in GUI
Traceback (most recent call last):
  File "C:\Python314\Lib\tkinter\__init__.py", line 2088, in __call__
    return self.func(*args)
           ~~~~~~~~~^^^^^^^
  File "B:\Open_Source\soul_sence_Exam\SOUL_SENSE_EXAM\app\main.py", line 838, in <lambda>
    self.root.bind("<Return>", lambda e: self.save_answer())
                                         ~~~~~~~~~~~~~~~~^^
TypeError: SoulSenseApp.save_answer() missing 1 required positional argument: 'value'
2026-01-09 19:16:10,364 - root - ERROR - Unexpected Error: An unexpected error occurred.
2026-01-09 19:16:12,592 - root - CRITICAL - Unhandled exception in GUI
Traceback (most recent call last):
  File "C:\Python314\Lib\tkinter\__init__.py", line 2088, in __call__
    return self.func(*args)
           ~~~~~~~~~^^^^^^^
  File "B:\Open_Source\soul_sence_Exam\SOUL_SENSE_EXAM\app\main.py", line 838, in <lambda>
    self.root.bind("<Return>", lambda e: self.save_answer())
                                         ~~~~~~~~~~~~~~~~^^
TypeError: SoulSenseApp.save_answer() missing 1 required positional argument: 'value'
2026-01-09 19:16:12,592 - root - ERROR - Unexpected Error: An unexpected error occurred.
2026-01-09 19:16:14,955 - root - CRITICAL - Unhandled exception in GUI
Traceback (most recent call last):
  File "C:\Python314\Lib\tkinter\__init__.py", line 2088, in __call__
    return self.func(*args)
           ~~~~~~~~~^^^^^^^
  File "B:\Open_Source\soul_sence_Exam\SOUL_SENSE_EXAM\app\main.py", line 838, in <lambda>
    self.root.bind("<Return>", lambda e: self.save_answer())
                                         ~~~~~~~~~~~~~~~~^^
TypeError: SoulSenseApp.save_answer() missing 1 required positional argument: 'value'
2026-01-09 19:16:14,957 - root - ERROR - Unexpected Error: An unexpected error occurred.
2026-01-09 19:16:18,539 - root - CRITICAL - Unhandled exception in GUI
Traceback (most recent call last):
  File "C:\Python314\Lib\tkinter\__init__.py", line 2088, in __call__
    return self.func(*args)
           ~~~~~~~~~^^^^^^^
  File "B:\Open_Source\soul_sence_Exam\SOUL_SENSE_EXAM\app\main.py", line 838, in <lambda>
    self.root.bind("<Return>", lambda e: self.save_answer())
                                         ~~~~~~~~~~~~~~~~^^
TypeError: SoulSenseApp.save_answer() missing 1 required positional argument: 'value'
2026-01-09 19:16:18,541 - root - ERROR - Unexpected Error: An unexpected error occurred.
2026-01-09 19:16:55,197 - root - CRITICAL - Unhandled exception in GUI
Traceback (most recent call last):
  File "C:\Python314\Lib\tkinter\__init__.py", line 2088, in __call__
    return self.func(*args)
           ~~~~~~~~~^^^^^^^
  File "C:\Python314\Lib\tkinter\__init__.py", line 876, in callit
    func(*args, **kw)
    ~~~~^^^^^^^^^^^^^
  File "B:\Open_Source\soul_sence_Exam\SOUL_SENSE_EXAM\app\main.py", line 2437, in launch_main_app
    root.mainloop()
    ~~~~~~~~~~~~~^^
  File "C:\Python314\Lib\tkinter\__init__.py", line 1613, in mainloop
    self.tk.mainloop(n)
    ~~~~~~~~~~~~~~~~^^^
KeyboardInterrupt
2026-01-09 19:16:55,554 - root - ERROR - Unexpected Error: An unexpected error occurred.
2026-01-09 19:17:32,496 - root - CRITICAL - Unhandled exception in GUI
Traceback (most recent call last):
  File "C:\Python314\Lib\tkinter\__init__.py", line 2088, in __call__
    return self.func(*args)
           ~~~~~~~~~^^^^^^^
  File "B:\Open_Source\soul_sence_Exam\SOUL_SENSE_EXAM\app\main.py", line 838, in <lambda>
    self.root.bind("<Return>", lambda e: self.save_answer())
                                         ~~~~~~~~~~~~~~~~^^
TypeError: SoulSenseApp.save_answer() missing 1 required positional argument: 'value'
2026-01-09 19:17:32,497 - root - ERROR - Unexpected Error: An unexpected error occurred.
2026-01-09 19:19:20,763 - root - INFO - Logging initialized.
2026-01-09 19:19:20,767 - root - INFO - Application started
2026-01-09 19:19:20,768 - root - INFO - Loaded 10 total questions from DB
2026-01-09 19:19:23,135 - root - INFO - ML Predictor initialized successfully
2026-01-09 19:19:23,139 - root - INFO - Using 10 questions based on settings
2026-01-09 19:21:07,353 - root - INFO - Session started | user=rohan | age=20 | age_group=adult | profession=Healthcare | questions=10
2026-01-09 19:21:13,195 - root - CRITICAL - Unhandled exception in GUI
Traceback (most recent call last):
  File "C:\Python314\Lib\tkinter\__init__.py", line 2088, in __call__
    return self.func(*args)
           ~~~~~~~~~^^^^^^^
  File "B:\Open_Source\soul_sence_Exam\SOUL_SENSE_EXAM\app\main.py", line 838, in <lambda>
    self.root.bind("<Return>", lambda e: self.save_answer())
                                         ~~~~~~~~~~~~~~~~^^
TypeError: SoulSenseApp.save_answer() missing 1 required positional argument: 'value'
2026-01-09 19:21:13,206 - root - ERROR - Unexpected Error: An unexpected error occurred.
2026-01-09 19:21:18,007 - root - CRITICAL - Unhandled exception in GUI
Traceback (most recent call last):
  File "C:\Python314\Lib\tkinter\__init__.py", line 2088, in __call__
    return self.func(*args)
           ~~~~~~~~~^^^^^^^
  File "B:\Open_Source\soul_sence_Exam\SOUL_SENSE_EXAM\app\main.py", line 838, in <lambda>
    self.root.bind("<Return>", lambda e: self.save_answer())
                                         ~~~~~~~~~~~~~~~~^^
TypeError: SoulSenseApp.save_answer() missing 1 required positional argument: 'value'
2026-01-09 19:21:18,008 - root - ERROR - Unexpected Error: An unexpected error occurred.
2026-01-09 19:21:23,530 - root - CRITICAL - Unhandled exception in GUI
Traceback (most recent call last):
  File "C:\Python314\Lib\tkinter\__init__.py", line 2088, in __call__
    return self.func(*args)
           ~~~~~~~~~^^^^^^^
  File "B:\Open_Source\soul_sence_Exam\SOUL_SENSE_EXAM\app\main.py", line 838, in <lambda>
    self.root.bind("<Return>", lambda e: self.save_answer())
                                         ~~~~~~~~~~~~~~~~^^
TypeError: SoulSenseApp.save_answer() missing 1 required positional argument: 'value'
2026-01-09 19:21:23,532 - root - ERROR - Unexpected Error: An unexpected error occurred.
2026-01-09 19:21:25,483 - root - CRITICAL - Unhandled exception in GUI
Traceback (most recent call last):
  File "C:\Python314\Lib\tkinter\__init__.py", line 2088, in __call__
    return self.func(*args)
           ~~~~~~~~~^^^^^^^
  File "B:\Open_Source\soul_sence_Exam\SOUL_SENSE_EXAM\app\main.py", line 838, in <lambda>
    self.root.bind("<Return>", lambda e: self.save_answer())
                                         ~~~~~~~~~~~~~~~~^^
TypeError: SoulSenseApp.save_answer() missing 1 required positional argument: 'value'
2026-01-09 19:21:25,485 - root - ERROR - Unexpected Error: An unexpected error occurred.
2026-01-09 19:24:01,562 - root - INFO - Logging initialized.
2026-01-09 19:24:01,661 - root - INFO - Application started
2026-01-09 19:24:01,663 - root - INFO - Loaded 10 total questions from DB
2026-01-09 19:24:03,988 - root - INFO - ML Predictor initialized successfully
2026-01-09 19:24:03,990 - root - INFO - Using 10 questions based on settings
2026-01-09 19:24:16,794 - root - INFO - Session started | user=rohan | age=20 | age_group=adult | profession=Student | questions=10
2026-01-09 19:24:19,243 - root - CRITICAL - Unhandled exception in GUI
Traceback (most recent call last):
  File "C:\Python314\Lib\tkinter\__init__.py", line 2088, in __call__
    return self.func(*args)
           ~~~~~~~~~^^^^^^^
  File "B:\Open_Source\soul_sence_Exam\SOUL_SENSE_EXAM\app\main.py", line 838, in <lambda>
    self.root.bind("<Return>", lambda e: self.save_answer())
                                         ~~~~~~~~~~~~~~~~^^
TypeError: SoulSenseApp.save_answer() missing 1 required positional argument: 'value'
2026-01-09 19:24:19,247 - root - ERROR - Unexpected Error: An unexpected error occurred.
2026-01-09 19:24:37,264 - root - CRITICAL - Unhandled exception in GUI
Traceback (most recent call last):
  File "C:\Python314\Lib\tkinter\__init__.py", line 2088, in __call__
    return self.func(*args)
           ~~~~~~~~~^^^^^^^
  File "C:\Python314\Lib\tkinter\__init__.py", line 876, in callit
    func(*args, **kw)
    ~~~~^^^^^^^^^^^^^
  File "B:\Open_Source\soul_sence_Exam\SOUL_SENSE_EXAM\app\main.py", line 2464, in launch_main_app
    root.mainloop()
    ~~~~~~~~~~~~~^^
  File "C:\Python314\Lib\tkinter\__init__.py", line 1613, in mainloop
    self.tk.mainloop(n)
    ~~~~~~~~~~~~~~~~^^^
KeyboardInterrupt
2026-01-09 19:24:37,265 - root - ERROR - Unexpected Error: An unexpected error occurred.
2026-01-09 19:28:43,585 - root - INFO - Logging initialized.
2026-01-09 19:28:43,601 - root - INFO - Application started
2026-01-09 19:28:43,604 - root - INFO - Loaded 10 total questions from DB
2026-01-09 19:28:45,943 - root - INFO - ML Predictor initialized successfully
2026-01-09 19:28:45,956 - root - INFO - Using 10 questions based on settings
2026-01-09 19:29:19,668 - root - INFO - Session started | user=rohan | age=20 | age_group=adult | profession=Student | questions=10
2026-01-09 19:29:47,491 - root - ERROR - Error analyzing sentiment: 'SoulSenseApp' object has no attribute 'sia'
2026-01-09 19:34:45,395 - root - INFO - Logging initialized.
2026-01-09 19:34:45,495 - root - INFO - Application started
2026-01-09 19:34:45,499 - root - INFO - Loaded 10 total questions from DB
2026-01-09 19:34:47,968 - root - INFO - ML Predictor initialized successfully
2026-01-09 19:34:47,973 - root - INFO - Using 10 questions based on settings
2026-01-09 19:35:02,380 - root - INFO - Session started | user=rohan | age=20 | age_group=adult | profession=Student | questions=10
2026-01-09 19:36:23,309 - root - INFO - Logging initialized.
2026-01-09 19:36:23,321 - root - INFO - Application started
2026-01-09 19:36:23,322 - root - INFO - Loaded 10 total questions from DB
2026-01-09 19:36:25,637 - root - INFO - ML Predictor initialized successfully
2026-01-09 19:36:25,660 - root - INFO - SentimentIntensityAnalyzer initialized successfully
2026-01-09 19:36:25,660 - root - INFO - Using 10 questions based on settings
2026-01-09 19:36:42,917 - root - INFO - Session started | user=rohan | age=20 | age_group=adult | profession=Manager | questions=10
2026-01-09 19:39:36,117 - root - INFO - Session started | user=rohan | age=20 | age_group=adult | profession=Student | questions=10
2026-01-09 19:39:54,648 - root - INFO - Session started | user=rohan | age=20 | age_group=adult | profession=Professional | questions=10
2026-01-09 19:40:10,127 - root - INFO - Session started | user=rohan | age=20 | age_group=adult | profession=Student | questions=10
2026-01-09 19:44:59,379 - root - INFO - Logging initialized.
2026-01-09 19:44:59,383 - root - INFO - Application started
2026-01-09 19:44:59,385 - root - INFO - Loaded 10 total questions from DB
2026-01-09 19:45:01,695 - root - INFO - ML Predictor initialized successfully
2026-01-09 19:45:01,725 - root - INFO - SentimentIntensityAnalyzer initialized successfully
2026-01-09 19:45:01,743 - root - INFO - Using 10 questions based on settings
2026-01-09 19:54:41,395 - root - INFO - Logging initialized.
2026-01-09 19:54:41,400 - root - INFO - Application started
2026-01-09 19:54:41,401 - root - INFO - Loaded 10 total questions from DB
2026-01-09 19:54:43,708 - root - INFO - ML Predictor initialized successfully
2026-01-09 19:54:43,738 - root - INFO - SentimentIntensityAnalyzer initialized successfully
2026-01-09 19:54:43,753 - root - INFO - Using 10 questions based on settings
2026-01-09 19:55:07,980 - root - CRITICAL - Unhandled exception in GUI
Traceback (most recent call last):
  File "C:\Python314\Lib\tkinter\__init__.py", line 2088, in __call__
    return self.func(*args)
           ~~~~~~~~~^^^^^^^
  File "B:\Open_Source\soul_sence_Exam\SOUL_SENSE_EXAM\journal_feature.py", line 248, in open_dashboard
    dashboard.open_dashboard()
    ~~~~~~~~~~~~~~~~~~~~~~~~^^
  File "B:\Open_Source\soul_sence_Exam\SOUL_SENSE_EXAM\analytics_dashboard.py", line 46, in open_dashboard
    self.show_eq_trends(eq_frame)
    ~~~~~~~~~~~~~~~~~~~^^^^^^^^^^
  File "B:\Open_Source\soul_sence_Exam\SOUL_SENSE_EXAM\analytics_dashboard.py", line 62, in show_eq_trends
    cursor.execute("""
    ~~~~~~~~~~~~~~^^^^
    SELECT total_score, timestamp, id, sentiment_score
    ^^^^^^^^^^^^^^^^^^^^^^^^^^^^^^^^^^^^^^^^^^^^^^^^^^
    ...<2 lines>...
    ORDER BY id
    ^^^^^^^^^^^
    """, (self.username,))
    ^^^^^^^^^^^^^^^^^^^^^^
sqlite3.OperationalError: no such column: sentiment_score
2026-01-09 19:55:07,983 - root - ERROR - Unexpected Error: An unexpected error occurred.
2026-01-09 20:03:49,384 - root - INFO - Logging initialized.
2026-01-09 20:03:49,397 - root - INFO - Application started
2026-01-09 20:03:49,398 - root - INFO - Loaded 10 total questions from DB
2026-01-09 20:03:51,837 - root - INFO - ML Predictor initialized successfully
2026-01-09 20:03:51,886 - root - INFO - SentimentIntensityAnalyzer initialized successfully
2026-01-09 20:03:51,895 - root - INFO - Using 10 questions based on settings
2026-01-09 20:05:59,756 - root - INFO - Session started | user=rohan | age=20 | age_group=adult | profession=Student | questions=10
2026-01-09 20:10:22,593 - root - INFO - Logging initialized.
2026-01-09 20:10:22,673 - root - INFO - Application started
2026-01-09 20:10:22,678 - root - INFO - Loaded 10 total questions from DB
2026-01-09 20:10:25,341 - root - ERROR - Failed to initialize ML Predictor: could not broadcast input array from shape (9,) into shape (8,)
2026-01-09 20:10:25,375 - root - INFO - SentimentIntensityAnalyzer initialized successfully
2026-01-09 20:10:25,376 - root - INFO - Using 10 questions based on settings
2026-01-09 20:12:41,766 - root - INFO - Session started | user=rohan | age=20 | age_group=adult | profession=Student | questions=10
2026-01-09 20:15:51,860 - root - INFO - Logging initialized.
2026-01-09 20:15:51,866 - root - INFO - Application started
2026-01-09 20:15:51,867 - root - INFO - Loaded 10 total questions from DB
2026-01-09 20:15:54,195 - root - INFO - ML Predictor initialized successfully
2026-01-09 20:15:54,242 - root - INFO - SentimentIntensityAnalyzer initialized successfully
2026-01-09 20:15:54,262 - root - INFO - Using 10 questions based on settings
2026-01-09 20:16:09,226 - root - INFO - Session started | user=rohan | age=20 | age_group=adult | profession=Professional | questions=10
2026-01-09 20:18:58,153 - root - INFO - Session started | user=rohan | age=20 | age_group=adult | profession=Student | questions=10
2026-01-09 20:21:41,846 - root - INFO - Logging initialized.
2026-01-09 20:21:41,943 - root - INFO - Application started
2026-01-09 20:21:41,945 - root - INFO - Loaded 10 total questions from DB
2026-01-09 20:21:44,416 - root - INFO - ML Predictor initialized successfully
2026-01-09 20:21:44,443 - root - INFO - SentimentIntensityAnalyzer initialized successfully
2026-01-09 20:21:44,461 - root - INFO - Using 10 questions based on settings
2026-01-09 20:23:20,676 - root - INFO - Session started | user=rohan | age=20 | age_group=adult | profession=Student | questions=10
2026-01-09 20:24:36,882 - root - INFO - Session started | user=rohan | age=20 | age_group=adult | profession=Student | questions=10
